This is pdfTeX, Version 3.14159265-2.6-1.40.20 (TeX Live 2019/Debian) (preloaded format=pdflatex 2020.7.23)  23 JUL 2020 15:58
entering extended mode
 restricted \write18 enabled.
 %&-line parsing enabled.
**haslettvmb_manual.lyx
(./haslettvmb_manual.lyx
LaTeX2e <2020-02-02> patch level 2
L3 programming layer <2020-02-14>
! You can't use `macro parameter character #' in vertical mode.
l.1 #
     LyX 2.3 created this file. For more info see http://www.lyx.org/
? 

! LaTeX Error: Missing \begin{document}.

See the LaTeX manual or LaTeX Companion for explanation.
Type  H <return>  for immediate help.
 ...                                              
                                                  
l.1 #L
      yX 2.3 created this file. For more info see http://www.lyx.org/
? 
Missing character: There is no L in font nullfont!
Missing character: There is no y in font nullfont!
Missing character: There is no X in font nullfont!
Missing character: There is no 2 in font nullfont!
Missing character: There is no . in font nullfont!
Missing character: There is no 3 in font nullfont!
Missing character: There is no c in font nullfont!
Missing character: There is no r in font nullfont!
Missing character: There is no e in font nullfont!
Missing character: There is no a in font nullfont!
Missing character: There is no t in font nullfont!
Missing character: There is no e in font nullfont!
Missing character: There is no d in font nullfont!
Missing character: There is no t in font nullfont!
Missing character: There is no h in font nullfont!
Missing character: There is no i in font nullfont!
Missing character: There is no s in font nullfont!
Missing character: There is no f in font nullfont!
Missing character: There is no i in font nullfont!
Missing character: There is no l in font nullfont!
Missing character: There is no e in font nullfont!
Missing character: There is no . in font nullfont!
Missing character: There is no F in font nullfont!
Missing character: There is no o in font nullfont!
Missing character: There is no r in font nullfont!
Missing character: There is no m in font nullfont!
Missing character: There is no o in font nullfont!
Missing character: There is no r in font nullfont!
Missing character: There is no e in font nullfont!
Missing character: There is no i in font nullfont!
Missing character: There is no n in font nullfont!
Missing character: There is no f in font nullfont!
Missing character: There is no o in font nullfont!
Missing character: There is no s in font nullfont!
Missing character: There is no e in font nullfont!
Missing character: There is no e in font nullfont!
Missing character: There is no h in font nullfont!
Missing character: There is no t in font nullfont!
Missing character: There is no t in font nullfont!
Missing character: There is no p in font nullfont!
Missing character: There is no : in font nullfont!
Missing character: There is no / in font nullfont!
Missing character: There is no / in font nullfont!
Missing character: There is no w in font nullfont!
Missing character: There is no w in font nullfont!
Missing character: There is no w in font nullfont!
Missing character: There is no . in font nullfont!
Missing character: There is no l in font nullfont!
Missing character: There is no y in font nullfont!
Missing character: There is no x in font nullfont!
Missing character: There is no . in font nullfont!
Missing character: There is no o in font nullfont!
Missing character: There is no r in font nullfont!
Missing character: There is no g in font nullfont!
Missing character: There is no / in font nullfont!
! Undefined control sequence.
l.2 \lyxformat
               544
? 
Missing character: There is no 5 in font nullfont!
Missing character: There is no 4 in font nullfont!
Missing character: There is no 4 in font nullfont!
Missing character: There is no d in font nullfont!
Missing character: There is no o in font nullfont!
Missing character: There is no c in font nullfont!
Missing character: There is no u in font nullfont!
Missing character: There is no m in font nullfont!
Missing character: There is no e in font nullfont!
Missing character: There is no n in font nullfont!
Missing character: There is no t in font nullfont!
Missing character: There is no h in font nullfont!
Missing character: There is no e in font nullfont!
Missing character: There is no a in font nullfont!
Missing character: There is no d in font nullfont!
Missing character: There is no e in font nullfont!
Missing character: There is no r in font nullfont!
! Undefined control sequence.
l.5 \save
         _transient_properties true
? 
! Missing $ inserted.
<inserted text> 
                $
l.5 \save_
          transient_properties true
? 
LaTeX Font Info:    External font `cmex10' loaded for size
(Font)              <7> on input line 5.
LaTeX Font Info:    External font `cmex10' loaded for size
(Font)              <5> on input line 5.
! Undefined control sequence.
l.6 \origin
            unavailable
? 
! Undefined control sequence.
l.7 \textclass
               book
? 
! Undefined control sequence.
l.8 \use
        _default_options true
? 
! Undefined control sequence.
l.16 \maintain
              _unincluded_children false
? 
! Missing number, treated as zero.
<to be read again> 
                   e
l.17 \language e
                nglish
? 
! Missing number, treated as zero.
<to be read again> 
                   _
l.18 \language_
               package default
? 
! Undefined control sequence.
l.19 \inputencoding
                    auto
? 

! LaTeX Error: Encoding scheme `g' unknown.

See the LaTeX manual or LaTeX Companion for explanation.
Type  H <return>  for immediate help.
 ...                                              
                                                  
l.20 \fontencoding g
                    lobal
? 
! Missing control sequence inserted.
<inserted text> 
                \inaccessible 
l.21 \font_
           roman "default" "default"
? 
! Font \inaccessible=_roman not loadable: Metric (TFM) file not found.
<to be read again> 
                   "
l.21 \font_roman "
                  default" "default"
? 
! Missing control sequence inserted.
<inserted text> 
                \inaccessible 
l.22 \font_
           sans "default" "default"
? 
! Font \inaccessible=_sans not loadable: Metric (TFM) file not found.
<to be read again> 
                   "
l.22 \font_sans "
                 default" "default"
? 
! Missing control sequence inserted.
<inserted text> 
                \inaccessible 
l.23 \font_
           typewriter "default" "default"
? 
! Font \inaccessible=_typewriter not loadable: Metric (TFM) file not found.
<to be read again> 
                   "
l.23 \font_typewriter "
                       default" "default"
? 
! Missing control sequence inserted.
<inserted text> 
                \inaccessible 
l.24 \font_
           math "auto" "auto"
? 
! Font \inaccessible=_math not loadable: Metric (TFM) file not found.
<to be read again> 
                   "
l.24 \font_math "
                 auto" "auto"
? 
! Missing control sequence inserted.
<inserted text> 
                \inaccessible 
l.25 \font_
           default_family default
? 
! Font \inaccessible=_default_family not loadable: Metric (TFM) file not found.
<to be read again> 
                   d
l.25 \font_default_family d
                           efault
? 
! Undefined control sequence.
l.26 \use
         _non_tex_fonts false
? 
! Missing control sequence inserted.
<inserted text> 
                \inaccessible 
l.27 \font_
           sc false
? 
! Font \inaccessible=_sc not loadable: Metric (TFM) file not found.
<to be read again> 
                   f
l.27 \font_sc f
               alse
? 
! Missing control sequence inserted.
<inserted text> 
                \inaccessible 
l.28 \font_
           osf false
? 
! Font \inaccessible=_osf not loadable: Metric (TFM) file not found.
<to be read again> 
                   f
l.28 \font_osf f
                alse
? 
! Missing control sequence inserted.
<inserted text> 
                \inaccessible 
l.29 \font_
           sf_scale 100 100
? 
! Font \inaccessible=_sf_scale not loadable: Metric (TFM) file not found.
<to be read again> 
                   1
l.29 \font_sf_scale 1
                     00 100
? 
! Missing control sequence inserted.
<inserted text> 
                \inaccessible 
l.30 \font_
           tt_scale 100 100
? 
! Font \inaccessible=_tt_scale not loadable: Metric (TFM) file not found.
<to be read again> 
                   1
l.30 \font_tt_scale 1
                     00 100
? 
! Undefined control sequence.
l.31 \use
         _microtype false
? 
! Undefined control sequence.
l.32 \use
         _dash_ligatures true
? 
! Undefined control sequence.
l.33 \graphics
               default
? 
! Undefined control sequence.
l.34 \default
             _output_format default
? 
! Missing { inserted.
<to be read again> 
                   _
l.35 \output_
             sync 1
? 
)
Runaway text?
_sync 1 \bibtex _command default \index _command default \paperfontsize \ETC.
! File ended while scanning text of \output.
<inserted text> 
                }
<*> haslettvmb_manual.lyx
                         
? 

*
! Missing $ inserted.
<inserted text> 
                $
<*> 
    
? 

Overfull \hbox (20.0pt too wide) in paragraph at lines 1--0
[]
 []


Overfull \hbox (1589.38606pt too wide) in paragraph at lines 1--0
[]\OML/cmm/m/it/10 ransient[]ropertiestrueunavailablebook[]efault[]ptionstrue[]
moduleslilypondvarwidthtodonotesInStarfixltx\OT1/cmr/m/n/10 2\OML/cmm/m/it/10 e
modules[]nincluded[]hildrenfalseenglish[]ackagedefaultautolobal\OT1/cmr/m/n/10 
"\OML/cmm/m/it/10 default\OT1/cmr/m/n/10 ""\OML/cmm/m/it/10 default\OT1/cmr/m/n
/10 ""\OML/cmm/m/it/10 default\OT1/cmr/m/n/10 ""\OML/cmm/m/it/10 default\OT1/cm
r/m/n/10 ""\OML/cmm/m/it/10 default\OT1/cmr/m/n/10 ""\OML/cmm/m/it/10 default\O
T1/cmr/m/n/10 ""\OML/cmm/m/it/10 auto\OT1/cmr/m/n/10 ""\OML/cmm/m/it/10 auto\OT
1/cmr/m/n/10 "\OML/cmm/m/it/10 default[]on[]ex[]ontsfalsefalsefalse\OT1/cmr/m/n
/10 100100100100[]\OML/cmm/m/it/10 icrotypefalse[]ash[]igaturestruedefault[]utp
ut[]ormatdefault$ 
 []

(Please type a command or say `\end')
*
(Please type a command or say `\end')
*\end

*
Runaway argument?
! Paragraph ended before \end  was complete.
<to be read again> 
                   \par 
<*> 
    
? 
(Please type a command or say `\end')
*
(Please type a command or say `\end')
*\end

*.

! LaTeX Error: \begin{_} on input line 4 ended by \end{.}.

See the LaTeX manual or LaTeX Companion for explanation.
Type  H <return>  for immediate help.
 ...                                              
                                                  
<*> .
     
? 

*
(Please type a command or say `\end')
*
(Please type a command or say `\end')
*
(Please type a command or say `\end')
*
(Please type a command or say `\end')
*
(Please type a command or say `\end')
*
(Please type a command or say `\end')
*\end

*
Runaway argument?
! Paragraph ended before \end  was complete.
<to be read again> 
                   \par 
<*> 
    
? 
! Emergency stop.
<to be read again> 
                   \par 
<*> 
    
End of file on the terminal!

 
Here is how much of TeX's memory you used:
 60 strings out